{
  "0 debug pnpm:scope": {
    "selected": 1,
    "workspacePrefix": "/Users/zykj-zengdejin/practice/zdj-vue-monorepo"
  },
  "1 error pnpm": {
    "errno": 1,
    "code": "ELIFECYCLE",
    "pkgid": "@zdj/source@1.0.0",
    "stage": "test",
    "script": "vitest",
    "pkgname": "@zdj/source",
    "err": {
      "name": "pnpm",
      "message": "@zdj/source@1.0.0 test: `vitest`\nExit status 1",
      "code": "ELIFECYCLE",
      "stack": "pnpm: @zdj/source@1.0.0 test: `vitest`\nExit status 1\n    at EventEmitter.<anonymous> (/Users/zykj-zengdejin/pnpm-global/5/node_modules/.pnpm/pnpm@7.3.0/node_modules/pnpm/dist/pnpm.cjs:108415:20)\n    at EventEmitter.emit (node:events:526:28)\n    at ChildProcess.<anonymous> (/Users/zykj-zengdejin/pnpm-global/5/node_modules/.pnpm/pnpm@7.3.0/node_modules/pnpm/dist/pnpm.cjs:94981:18)\n    at ChildProcess.emit (node:events:526:28)\n    at maybeClose (node:internal/child_process:1092:16)\n    at Process.ChildProcess._handle.onexit (node:internal/child_process:302:5)"
    }
  }
}